# JRE version: OpenJDK Runtime Environment (8.0_242-b01) (build 1.8.0_242-release-1644-b01)
# Java VM: OpenJDK 64-Bit Server VM (25.242-b01 mixed mode windows-amd64 compressed oops)
Heap:
 PSYoungGen      total 601600K, used 258564K [0x00000000d5580000, 0x00000000ffa80000, 0x0000000100000000)
  eden space 515072K, 48% used [0x00000000d5580000,0x00000000e46fc028,0x00000000f4c80000)
  from space 86528K, 13% used [0x00000000fa600000,0x00000000fb105398,0x00000000ffa80000)
  to   space 89088K, 0% used [0x00000000f4c80000,0x00000000f4c80000,0x00000000fa380000)
 ParOldGen       total 270848K, used 217523K [0x0000000080000000, 0x0000000090880000, 0x00000000d5580000)
  object space 270848K, 80% used [0x0000000080000000,0x000000008d46ced0,0x0000000090880000)
 Metaspace       used 115109K, capacity 123934K, committed 124328K, reserved 1157120K
  class space    used 14731K, capacity 16270K, committed 16560K, reserved 1048576K
GC Heap History (10 events):
Event: 11652.569 GC heap before
{Heap before GC invocations=35 (full 5):
 PSYoungGen      total 609792K, used 544591K [0x00000000d5580000, 0x00000000ffd80000, 0x0000000100000000)
  eden space 528896K, 99% used [0x00000000d5580000,0x00000000f5999630,0x00000000f5a00000)
  from space 80896K, 19% used [0x00000000f5a00000,0x00000000f69ba870,0x00000000fa900000)
  to   space 77824K, 0% used [0x00000000fb180000,0x00000000fb180000,0x00000000ffd80000)
 ParOldGen       total 270848K, used 170488K [0x0000000080000000, 0x0000000090880000, 0x00000000d5580000)
  object space 270848K, 62% used [0x0000000080000000,0x000000008a67e058,0x0000000090880000)
 Metaspace       used 113146K, capacity 120280K, committed 120744K, reserved 1155072K
  class space    used 14460K, capacity 15783K, committed 16048K, reserved 1048576K
Event: 11653.979 GC heap after
Heap after GC invocations=35 (full 5):
 PSYoungGen      total 583168K, used 77819K [0x00000000d5580000, 0x0000000100000000, 0x0000000100000000)
  eden space 505344K, 0% used [0x00000000d5580000,0x00000000d5580000,0x00000000f4300000)
  from space 77824K, 99% used [0x00000000fb180000,0x00000000ffd7ed80,0x00000000ffd80000)
  to   space 96768K, 0% used [0x00000000f4300000,0x00000000f4300000,0x00000000fa180000)
 ParOldGen       total 270848K, used 185075K [0x0000000080000000, 0x0000000090880000, 0x00000000d5580000)
  object space 270848K, 68% used [0x0000000080000000,0x000000008b4bcc20,0x0000000090880000)
 Metaspace       used 113146K, capacity 120280K, committed 120744K, reserved 1155072K
  class space    used 14460K, capacity 15783K, committed 16048K, reserved 1048576K
}
Event: 12003.776 GC heap before
{Heap before GC invocations=36 (full 5):
 PSYoungGen      total 583168K, used 583163K [0x00000000d5580000, 0x0000000100000000, 0x0000000100000000)
  eden space 505344K, 100% used [0x00000000d5580000,0x00000000f4300000,0x00000000f4300000)
  from space 77824K, 99% used [0x00000000fb180000,0x00000000ffd7ed80,0x00000000ffd80000)
  to   space 96768K, 0% used [0x00000000f4300000,0x00000000f4300000,0x00000000fa180000)
 ParOldGen       total 270848K, used 185075K [0x0000000080000000, 0x0000000090880000, 0x00000000d5580000)
  object space 270848K, 68% used [0x0000000080000000,0x000000008b4bcc20,0x0000000090880000)
 Metaspace       used 113249K, capacity 120318K, committed 120744K, reserved 1155072K
  class space    used 14465K, capacity 15788K, committed 16048K, reserved 1048576K
Event: 12015.492 GC heap after
Heap after GC invocations=36 (full 5):
 PSYoungGen      total 602112K, used 49131K [0x00000000d5580000, 0x0000000100000000, 0x0000000100000000)
  eden space 505344K, 0% used [0x00000000d5580000,0x00000000d5580000,0x00000000f4300000)
  from space 96768K, 50% used [0x00000000f4300000,0x00000000f72fac50,0x00000000fa180000)
  to   space 96256K, 0% used [0x00000000fa200000,0x00000000fa200000,0x0000000100000000)
 ParOldGen       total 270848K, used 185691K [0x0000000080000000, 0x0000000090880000, 0x00000000d5580000)
  object space 270848K, 68% used [0x0000000080000000,0x000000008b556c30,0x0000000090880000)
 Metaspace       used 113249K, capacity 120318K, committed 120744K, reserved 1155072K
  class space    used 14465K, capacity 15788K, committed 16048K, reserved 1048576K
}
Event: 12643.434 GC heap before
{Heap before GC invocations=37 (full 5):
 PSYoungGen      total 602112K, used 554475K [0x00000000d5580000, 0x0000000100000000, 0x0000000100000000)
  eden space 505344K, 100% used [0x00000000d5580000,0x00000000f4300000,0x00000000f4300000)
  from space 96768K, 50% used [0x00000000f4300000,0x00000000f72fac50,0x00000000fa180000)
  to   space 96256K, 0% used [0x00000000fa200000,0x00000000fa200000,0x0000000100000000)
 ParOldGen       total 270848K, used 185691K [0x0000000080000000, 0x0000000090880000, 0x00000000d5580000)
  object space 270848K, 68% used [0x0000000080000000,0x000000008b556c30,0x0000000090880000)
 Metaspace       used 114499K, capacity 122946K, committed 123432K, reserved 1157120K
  class space    used 14674K, capacity 16172K, committed 16432K, reserved 1048576K
Event: 12647.934 GC heap after
Heap after GC invocations=37 (full 5):
 PSYoungGen      total 595456K, used 43290K [0x00000000d5580000, 0x00000000ff980000, 0x0000000100000000)
  eden space 505856K, 0% used [0x00000000d5580000,0x00000000d5580000,0x00000000f4380000)
  from space 89600K, 48% used [0x00000000fa200000,0x00000000fcc46908,0x00000000ff980000)
  to   space 93184K, 0% used [0x00000000f4380000,0x00000000f4380000,0x00000000f9e80000)
 ParOldGen       total 270848K, used 186439K [0x0000000080000000, 0x0000000090880000, 0x00000000d5580000)
  object space 270848K, 68% used [0x0000000080000000,0x000000008b611c50,0x0000000090880000)
 Metaspace       used 114499K, capacity 122946K, committed 123432K, reserved 1157120K
  class space    used 14674K, capacity 16172K, committed 16432K, reserved 1048576K
}
Event: 12669.591 GC heap before
{Heap before GC invocations=38 (full 5):
 PSYoungGen      total 595456K, used 548638K [0x00000000d5580000, 0x00000000ff980000, 0x0000000100000000)
  eden space 505856K, 99% used [0x00000000d5580000,0x00000000f4301200,0x00000000f4380000)
  from space 89600K, 48% used [0x00000000fa200000,0x00000000fcc46908,0x00000000ff980000)
  to   space 93184K, 0% used [0x00000000f4380000,0x00000000f4380000,0x00000000f9e80000)
 ParOldGen       total 270848K, used 186439K [0x0000000080000000, 0x0000000090880000, 0x00000000d5580000)
  object space 270848K, 68% used [0x0000000080000000,0x000000008b611c50,0x0000000090880000)
 Metaspace       used 114673K, capacity 123142K, committed 123432K, reserved 1157120K
  class space    used 14675K, capacity 16172K, committed 16432K, reserved 1048576K
Event: 12670.645 GC heap after
Heap after GC invocations=38 (full 5):
 PSYoungGen      total 599040K, used 17501K [0x00000000d5580000, 0x00000000ffe80000, 0x0000000100000000)
  eden space 505856K, 0% used [0x00000000d5580000,0x00000000d5580000,0x00000000f4380000)
  from space 93184K, 18% used [0x00000000f4380000,0x00000000f5497590,0x00000000f9e80000)
  to   space 90624K, 0% used [0x00000000fa600000,0x00000000fa600000,0x00000000ffe80000)
 ParOldGen       total 270848K, used 216574K [0x0000000080000000, 0x0000000090880000, 0x00000000d5580000)
  object space 270848K, 79% used [0x0000000080000000,0x000000008d37f8d0,0x0000000090880000)
 Metaspace       used 114673K, capacity 123142K, committed 123432K, reserved 1157120K
  class space    used 14675K, capacity 16172K, committed 16432K, reserved 1048576K
}
Event: 13793.288 GC heap before
{Heap before GC invocations=39 (full 5):
 PSYoungGen      total 599040K, used 523357K [0x00000000d5580000, 0x00000000ffe80000, 0x0000000100000000)
  eden space 505856K, 100% used [0x00000000d5580000,0x00000000f4380000,0x00000000f4380000)
  from space 93184K, 18% used [0x00000000f4380000,0x00000000f5497590,0x00000000f9e80000)
  to   space 90624K, 0% used [0x00000000fa600000,0x00000000fa600000,0x00000000ffe80000)
 ParOldGen       total 270848K, used 216574K [0x0000000080000000, 0x0000000090880000, 0x00000000d5580000)
  object space 270848K, 79% used [0x0000000080000000,0x000000008d37f8d0,0x0000000090880000)
 Metaspace       used 115019K, capacity 123738K, committed 124072K, reserved 1157120K
  class space    used 14719K, capacity 16248K, committed 16560K, reserved 1048576K
Event: 13795.862 GC heap after
Heap after GC invocations=39 (full 5):
 PSYoungGen      total 601600K, used 11284K [0x00000000d5580000, 0x00000000ffa80000, 0x0000000100000000)
  eden space 515072K, 0% used [0x00000000d5580000,0x00000000d5580000,0x00000000f4c80000)
  from space 86528K, 13% used [0x00000000fa600000,0x00000000fb105398,0x00000000ffa80000)
  to   space 89088K, 0% used [0x00000000f4c80000,0x00000000f4c80000,0x00000000fa380000)
 ParOldGen       total 270848K, used 217523K [0x0000000080000000, 0x0000000090880000, 0x00000000d5580000)
  object space 270848K, 80% used [0x0000000080000000,0x000000008d46ced0,0x0000000090880000)
 Metaspace       used 115019K, capacity 123738K, committed 124072K, reserved 1157120K
  class space    used 14719K, capacity 16248K, committed 16560K, reserved 1048576K
}

